<?xml version="1.0" encoding="UTF-8"?>
<testng-results ignored="0" total="1" passed="1" failed="0" skipped="0">
  <reporter-output>
  </reporter-output>
  <suite started-at="2025-12-03T21:15:39 IST" name="Suite" finished-at="2025-12-03T21:15:47 IST" duration-ms="8318">
    <groups>
    </groups>
    <test started-at="2025-12-03T21:15:39 IST" name="Test" finished-at="2025-12-03T21:15:47 IST" duration-ms="8318">
      <class name="com.sdet.TC_Login">
        <test-method signature="login_Test()[pri:0, instance:com.sdet.TC_Login@7714e963]" started-at="2025-12-03T21:15:39 IST" name="login_Test" finished-at="2025-12-03T21:15:47 IST" duration-ms="8282" status="PASS">
          <reporter-output>
          </reporter-output>
        </test-method> <!-- login_Test -->
      </class> <!-- com.sdet.TC_Login -->
    </test> <!-- Test -->
  </suite> <!-- Suite -->
</testng-results>
