<?xml version="1.0" encoding="UTF-8"?>
<testng-results ignored="0" total="1" passed="1" failed="0" skipped="0">
  <reporter-output>
  </reporter-output>
  <suite started-at="2025-12-03T17:02:21 IST" name="Default suite" finished-at="2025-12-03T17:02:30 IST" duration-ms="9301">
    <groups>
    </groups>
    <test started-at="2025-12-03T17:02:21 IST" name="Default test" finished-at="2025-12-03T17:02:30 IST" duration-ms="9301">
      <class name="com.sdet.TC_Login">
        <test-method signature="login_Test()[pri:0, instance:com.sdet.TC_Login@4c583ecf]" started-at="2025-12-03T17:02:21 IST" name="login_Test" finished-at="2025-12-03T17:02:30 IST" duration-ms="9258" status="PASS">
          <reporter-output>
          </reporter-output>
        </test-method> <!-- login_Test -->
      </class> <!-- com.sdet.TC_Login -->
    </test> <!-- Default test -->
  </suite> <!-- Default suite -->
</testng-results>
